<?xml version="1.0" encoding="UTF-8"?>
<testng-results ignored="0" total="1" passed="1" failed="0" skipped="0">
  <reporter-output>
  </reporter-output>
  <suite started-at="2024-06-27T21:21:12 IST" name="Default suite" finished-at="2024-06-27T21:21:23 IST" duration-ms="10687">
    <groups>
    </groups>
    <test started-at="2024-06-27T21:21:12 IST" name="Default test" finished-at="2024-06-27T21:21:23 IST" duration-ms="10687">
      <class name="com.newtours.Testfiles.RegistrationpageTests">
        <test-method is-config="true" signature="Beforetest()[pri:0, instance:com.newtours.Testfiles.RegistrationpageTests@2aceadd4]" started-at="2024-06-27T21:21:12 IST" name="Beforetest" finished-at="2024-06-27T21:21:20 IST" duration-ms="7518" status="PASS">
          <reporter-output>
          </reporter-output>
        </test-method> <!-- Beforetest -->
        <test-method signature="Registration()[pri:0, instance:com.newtours.Testfiles.RegistrationpageTests@2aceadd4]" started-at="2024-06-27T21:21:20 IST" name="Registration" finished-at="2024-06-27T21:21:23 IST" duration-ms="3071" status="PASS">
          <reporter-output>
          </reporter-output>
        </test-method> <!-- Registration -->
        <test-method is-config="true" signature="tearDown()[pri:0, instance:com.newtours.Testfiles.RegistrationpageTests@2aceadd4]" started-at="2024-06-27T21:21:23 IST" name="tearDown" finished-at="2024-06-27T21:21:23 IST" duration-ms="23" status="PASS">
          <reporter-output>
          </reporter-output>
        </test-method> <!-- tearDown -->
      </class> <!-- com.newtours.Testfiles.RegistrationpageTests -->
    </test> <!-- Default test -->
  </suite> <!-- Default suite -->
</testng-results>
